C:\DATA\PPPP\CODE\TRACKING IN ROAD\DEBUG\TRACKING IN ROAD.EXE
C:\DATA\PPPP\CODE\TRACKING IN ROAD\DEBUG\TRACKING IN ROAD.ILK
C:\DATA\PPPP\CODE\TRACKING IN ROAD\DEBUG\TRACKING IN ROAD.PDB
C:\DATA\pppp\code\tracking in road\tracking in road\Debug\cl.command.1.tlog
C:\DATA\pppp\code\tracking in road\tracking in road\Debug\CL.read.1.tlog
C:\DATA\pppp\code\tracking in road\tracking in road\Debug\CL.write.1.tlog
C:\DATA\pppp\code\tracking in road\tracking in road\Debug\link.10032.read.1.tlog
C:\DATA\pppp\code\tracking in road\tracking in road\Debug\link.10032.write.1.tlog
C:\DATA\pppp\code\tracking in road\tracking in road\Debug\link.10032-cvtres.read.1.tlog
C:\DATA\pppp\code\tracking in road\tracking in road\Debug\link.10032-cvtres.write.1.tlog
C:\DATA\pppp\code\tracking in road\tracking in road\Debug\link.10084.read.1.tlog
C:\DATA\pppp\code\tracking in road\tracking in road\Debug\link.10084.write.1.tlog
C:\DATA\pppp\code\tracking in road\tracking in road\Debug\link.10084-cvtres.read.1.tlog
C:\DATA\pppp\code\tracking in road\tracking in road\Debug\link.10084-cvtres.write.1.tlog
C:\DATA\pppp\code\tracking in road\tracking in road\Debug\link.11068.read.1.tlog
C:\DATA\pppp\code\tracking in road\tracking in road\Debug\link.11068.write.1.tlog
C:\DATA\pppp\code\tracking in road\tracking in road\Debug\link.11068-cvtres.read.1.tlog
C:\DATA\pppp\code\tracking in road\tracking in road\Debug\link.11068-cvtres.write.1.tlog
C:\DATA\pppp\code\tracking in road\tracking in road\Debug\link.11136.read.1.tlog
C:\DATA\pppp\code\tracking in road\tracking in road\Debug\link.11136.write.1.tlog
C:\DATA\pppp\code\tracking in road\tracking in road\Debug\link.11136-cvtres.read.1.tlog
C:\DATA\pppp\code\tracking in road\tracking in road\Debug\link.11136-cvtres.write.1.tlog
C:\DATA\pppp\code\tracking in road\tracking in road\Debug\link.11252.read.1.tlog
C:\DATA\pppp\code\tracking in road\tracking in road\Debug\link.11252.write.1.tlog
C:\DATA\pppp\code\tracking in road\tracking in road\Debug\link.11252-cvtres.read.1.tlog
C:\DATA\pppp\code\tracking in road\tracking in road\Debug\link.11252-cvtres.write.1.tlog
C:\DATA\pppp\code\tracking in road\tracking in road\Debug\link.12272.read.1.tlog
C:\DATA\pppp\code\tracking in road\tracking in road\Debug\link.12272.write.1.tlog
C:\DATA\pppp\code\tracking in road\tracking in road\Debug\link.12272-cvtres.read.1.tlog
C:\DATA\pppp\code\tracking in road\tracking in road\Debug\link.12272-cvtres.write.1.tlog
C:\DATA\pppp\code\tracking in road\tracking in road\Debug\link.2732.read.1.tlog
C:\DATA\pppp\code\tracking in road\tracking in road\Debug\link.2732.write.1.tlog
C:\DATA\pppp\code\tracking in road\tracking in road\Debug\link.2732-cvtres.read.1.tlog
C:\DATA\pppp\code\tracking in road\tracking in road\Debug\link.2732-cvtres.write.1.tlog
C:\DATA\pppp\code\tracking in road\tracking in road\Debug\link.3248.read.1.tlog
C:\DATA\pppp\code\tracking in road\tracking in road\Debug\link.3248.write.1.tlog
C:\DATA\pppp\code\tracking in road\tracking in road\Debug\link.3248-cvtres.read.1.tlog
C:\DATA\pppp\code\tracking in road\tracking in road\Debug\link.3248-cvtres.write.1.tlog
C:\DATA\pppp\code\tracking in road\tracking in road\Debug\link.6752.read.1.tlog
C:\DATA\pppp\code\tracking in road\tracking in road\Debug\link.6752.write.1.tlog
C:\DATA\pppp\code\tracking in road\tracking in road\Debug\link.6752-cvtres.read.1.tlog
C:\DATA\pppp\code\tracking in road\tracking in road\Debug\link.6752-cvtres.write.1.tlog
C:\DATA\pppp\code\tracking in road\tracking in road\Debug\link.6796.read.1.tlog
C:\DATA\pppp\code\tracking in road\tracking in road\Debug\link.6796.write.1.tlog
C:\DATA\pppp\code\tracking in road\tracking in road\Debug\link.6796-cvtres.read.1.tlog
C:\DATA\pppp\code\tracking in road\tracking in road\Debug\link.6796-cvtres.write.1.tlog
C:\DATA\pppp\code\tracking in road\tracking in road\Debug\link.6888.read.1.tlog
C:\DATA\pppp\code\tracking in road\tracking in road\Debug\link.6888.write.1.tlog
C:\DATA\pppp\code\tracking in road\tracking in road\Debug\link.6888-cvtres.read.1.tlog
C:\DATA\pppp\code\tracking in road\tracking in road\Debug\link.6888-cvtres.write.1.tlog
C:\DATA\pppp\code\tracking in road\tracking in road\Debug\link.7524.read.1.tlog
C:\DATA\pppp\code\tracking in road\tracking in road\Debug\link.7524.write.1.tlog
C:\DATA\pppp\code\tracking in road\tracking in road\Debug\link.7524-cvtres.read.1.tlog
C:\DATA\pppp\code\tracking in road\tracking in road\Debug\link.7524-cvtres.write.1.tlog
C:\DATA\pppp\code\tracking in road\tracking in road\Debug\link.7624.read.1.tlog
C:\DATA\pppp\code\tracking in road\tracking in road\Debug\link.7624.write.1.tlog
C:\DATA\pppp\code\tracking in road\tracking in road\Debug\link.7624-cvtres.read.1.tlog
C:\DATA\pppp\code\tracking in road\tracking in road\Debug\link.7624-cvtres.write.1.tlog
C:\DATA\pppp\code\tracking in road\tracking in road\Debug\link.8484.read.1.tlog
C:\DATA\pppp\code\tracking in road\tracking in road\Debug\link.8484.write.1.tlog
C:\DATA\pppp\code\tracking in road\tracking in road\Debug\link.8484-cvtres.read.1.tlog
C:\DATA\pppp\code\tracking in road\tracking in road\Debug\link.8484-cvtres.write.1.tlog
C:\DATA\pppp\code\tracking in road\tracking in road\Debug\link.command.1.tlog
C:\DATA\pppp\code\tracking in road\tracking in road\Debug\link.read.1.tlog
C:\DATA\pppp\code\tracking in road\tracking in road\Debug\link.write.1.tlog
C:\DATA\pppp\code\tracking in road\tracking in road\Debug\link-cvtres.read.1.tlog
C:\DATA\pppp\code\tracking in road\tracking in road\Debug\link-cvtres.write.1.tlog
C:\DATA\PPPP\CODE\TRACKING IN ROAD\TRACKING IN ROAD\DEBUG\MAIN.OBJ
C:\DATA\pppp\code\tracking in road\tracking in road\Debug\mt.command.1.tlog
C:\DATA\pppp\code\tracking in road\tracking in road\Debug\mt.read.1.tlog
C:\DATA\pppp\code\tracking in road\tracking in road\Debug\mt.write.1.tlog
C:\DATA\pppp\code\tracking in road\tracking in road\Debug\rc.command.1.tlog
C:\DATA\pppp\code\tracking in road\tracking in road\Debug\rc.read.1.tlog
C:\DATA\pppp\code\tracking in road\tracking in road\Debug\rc.write.1.tlog
C:\DATA\PPPP\CODE\TRACKING IN ROAD\TRACKING IN ROAD\DEBUG\TRACKING IN ROAD.EXE.EMBED.MANIFEST
C:\DATA\PPPP\CODE\TRACKING IN ROAD\TRACKING IN ROAD\DEBUG\TRACKING IN ROAD.EXE.EMBED.MANIFEST.RES
C:\DATA\PPPP\CODE\TRACKING IN ROAD\TRACKING IN ROAD\DEBUG\TRACKING IN ROAD.EXE.INTERMEDIATE.MANIFEST
C:\DATA\pppp\code\tracking in road\tracking in road\Debug\tracking in road.vcxprojResolveAssemblyReference.cache
C:\DATA\pppp\code\tracking in road\tracking in road\Debug\tracking in road.write.1.tlog
C:\DATA\pppp\code\tracking in road\tracking in road\Debug\tracking in road_manifest.rc
C:\DATA\pppp\code\tracking in road\tracking in road\Debug\vc100.idb
C:\DATA\PPPP\CODE\TRACKING IN ROAD\TRACKING IN ROAD\DEBUG\VC100.PDB
